Copyright 1986-2015 Xilinx, Inc. All Rights Reserved.
------------------------------------------------------------------------------------
| Tool Version : Vivado v.2015.4 (win64) Build 1412921 Wed Nov 18 09:43:45 MST 2015
| Date         : Fri Mar 11 13:16:08 2016
| Host         : Piotrek-Dom running 64-bit major release  (build 9200)
| Command      : report_drc
------------------------------------------------------------------------------------

Report DRC

Table of Contents
-----------------
1. REPORT SUMMARY
2. REPORT DETAILS

1. REPORT SUMMARY
-----------------
            Netlist: netlist
          Floorplan: design_1
      Design limits: <entire design considered>
           Ruledeck: default
             Max violations: <unlimited>
             Violations found: 6

2. REPORT DETAILS
-----------------
BUFC-1#1 Warning
Input Buffer Connections  
Input buffer PROGRAMATOR_INST/mig_7series_0/u_programator_mig_7series_0_0_mig/u_memc_ui_top_axi/mem_intfc0/ddr_phy_top0/u_ddr_mc_phy_wrapper/gen_dqs_iobuf_HR.gen_dqs_iobuf[0].gen_ddr2_or_low_dqs_diff.u_iobuf_dqs/IBUFDS/IBUFDS_S (in PROGRAMATOR_INST/mig_7series_0/u_programator_mig_7series_0_0_mig/u_memc_ui_top_axi/mem_intfc0/ddr_phy_top0/u_ddr_mc_phy_wrapper/gen_dqs_iobuf_HR.gen_dqs_iobuf[0].gen_ddr2_or_low_dqs_diff.u_iobuf_dqs macro) has no loads. An input buffer must drive an internal load.
Related violations: <none>

BUFC-1#2 Warning
Input Buffer Connections  
Input buffer PROGRAMATOR_INST/mig_7series_0/u_programator_mig_7series_0_0_mig/u_memc_ui_top_axi/mem_intfc0/ddr_phy_top0/u_ddr_mc_phy_wrapper/gen_dqs_iobuf_HR.gen_dqs_iobuf[1].gen_ddr2_or_low_dqs_diff.u_iobuf_dqs/IBUFDS/IBUFDS_S (in PROGRAMATOR_INST/mig_7series_0/u_programator_mig_7series_0_0_mig/u_memc_ui_top_axi/mem_intfc0/ddr_phy_top0/u_ddr_mc_phy_wrapper/gen_dqs_iobuf_HR.gen_dqs_iobuf[1].gen_ddr2_or_low_dqs_diff.u_iobuf_dqs macro) has no loads. An input buffer must drive an internal load.
Related violations: <none>

BUFC-1#3 Warning
Input Buffer Connections  
Input buffer qspi_flash_ss_iobuf/IBUF (in qspi_flash_ss_iobuf macro) has no loads. An input buffer must drive an internal load.
Related violations: <none>

CFGBVS-1#1 Warning
Missing CFGBVS and CONFIG_VOLTAGE Design Properties  
Neither the CFGBVS nor CONFIG_VOLTAGE voltage property is set in the current_design.  Configuration bank voltage select (CFGBVS) must be set to VCCO or GND, and CONFIG_VOLTAGE must be set to the correct configuration voltage, in order to determine the I/O voltage support for the pins in bank 0.  It is suggested to specify these either using the 'Edit Device Properties' function in the GUI or directly in the XDC file using the following syntax:

 set_property CFGBVS value1 [current_design]
 #where value1 is either VCCO or GND

 set_property CONFIG_VOLTAGE value2 [current_design]
 #where value2 is the voltage provided to configuration bank 0

Refer to the device configuration user guide for more information.
Related violations: <none>

PLIO-7#1 Warning
Placement Constraints Check for IO constraints  
An IO Bus SW[15:0] with more than one IO standard is found. Components associated with this bus are: LVCMOS18 (SW[9], SW[8]); LVCMOS33 (SW[15], SW[14], SW[13], SW[12], SW[11], SW[10], SW[7], SW[6], SW[5], SW[4], SW[3], SW[2], SW[1], SW[0]); 
Related violations: <none>

REQP-1709#1 Warning
Clock output buffering  
PLLE2_ADV connectivity violation. The signal PROGRAMATOR_INST/mig_7series_0/u_programator_mig_7series_0_0_mig/u_ddr2_infrastructure/pll_clk3_out on the PROGRAMATOR_INST/mig_7series_0/u_programator_mig_7series_0_0_mig/u_ddr2_infrastructure/plle2_i/CLKOUT3 pin of PROGRAMATOR_INST/mig_7series_0/u_programator_mig_7series_0_0_mig/u_ddr2_infrastructure/plle2_i does not drive the same kind of BUFFER load as the other CLKOUT pins. Routing from the different buffer types will not be phase aligned.
Related violations: <none>


