#-----------------------------------------------------------
# Webtalk v2015.2 (64-bit)
# SW Build 1266856 on Fri Jun 26 16:35:25 MDT 2015
# 
# Start of session at: Thu Aug 13 16:27:59 2015
# Process ID: 7888
# Log file: E:/Dropbox/mgr/Workspaces/Vivado/CPUv1/CPUv1.sdk/webtalk/webtalk.log
# Journal file: E:/Dropbox/mgr/Workspaces/Vivado/CPUv1/CPUv1.sdk/webtalk\webtalk.jou
#-----------------------------------------------------------
source sdk_webtalk.tcl
# webtalk_init -webtalk_dir E:\\Dropbox\\mgr\\Workspaces\\Vivado\\CPUv1\\CPUv1.sdk\\webtalk
# webtalk_register_client -client project
# webtalk_add_data -client project -key date_generated -value "Cz sie 13 16:27:58 2015" -context "software_version_and_target_device"
# webtalk_add_data -client project -key product_version -value "SDK v2015.2" -context "software_version_and_target_device"
# webtalk_add_data -client project -key build_version -value "2015.2" -context "software_version_and_target_device"
# webtalk_add_data -client project -key os_platform -value "amd64" -context "software_version_and_target_device"
# webtalk_add_data -client project -key registration_id -value "" -context "software_version_and_target_device"
# webtalk_add_data -client project -key tool_flow -value "SDK" -context "software_version_and_target_device"
# webtalk_add_data -client project -key beta -value "false" -context "software_version_and_target_device"
# webtalk_add_data -client project -key route_design -value "NA" -context "software_version_and_target_device"
# webtalk_add_data -client project -key target_family -value "NA" -context "software_version_and_target_device"
# webtalk_add_data -client project -key target_device -value "NA" -context "software_version_and_target_device"
# webtalk_add_data -client project -key target_package -value "NA" -context "software_version_and_target_device"
# webtalk_add_data -client project -key target_speed -value "NA" -context "software_version_and_target_device"
# webtalk_add_data -client project -key random_id -value "jlrrrc440htimtes99dvj7iop2" -context "software_version_and_target_device"
# webtalk_add_data -client project -key project_id -value "2015.2_5" -context "software_version_and_target_device"
# webtalk_add_data -client project -key project_iteration -value "5" -context "software_version_and_target_device"
# webtalk_add_data -client project -key os_name -value "" -context "user_environment"
# webtalk_add_data -client project -key os_release -value "" -context "user_environment"
# webtalk_add_data -client project -key cpu_name -value "" -context "user_environment"
# webtalk_add_data -client project -key cpu_speed -value "" -context "user_environment"
# webtalk_add_data -client project -key total_processors -value "" -context "user_environment"
# webtalk_add_data -client project -key system_ram -value "" -context "user_environment"
# webtalk_register_client -client sdk
# webtalk_add_data -client sdk -key uid -value "1439468090596" -context "sdk\\\\hardware/1439468090596"
# webtalk_add_data -client sdk -key isZynq -value "false" -context "sdk\\\\hardware/1439468090596"
# webtalk_add_data -client sdk -key Processors -value "1" -context "sdk\\\\hardware/1439468090596"
# webtalk_add_data -client sdk -key VivadoVersion -value "2015.2" -context "sdk\\\\hardware/1439468090596"
# webtalk_add_data -client sdk -key Arch -value "artix7" -context "sdk\\\\hardware/1439468090596"
# webtalk_add_data -client sdk -key Device -value "7a100t" -context "sdk\\\\hardware/1439468090596"
# webtalk_add_data -client sdk -key IsHandoff -value "true" -context "sdk\\\\hardware/1439468090596"
# webtalk_add_data -client sdk -key uid -value "1439468151828" -context "sdk\\\\bsp/1439468151828"
# webtalk_add_data -client sdk -key hwid -value "1439468090596" -context "sdk\\\\bsp/1439468151828"
# webtalk_add_data -client sdk -key os -value "standalone" -context "sdk\\\\bsp/1439468151828"
# webtalk_add_data -client sdk -key apptemplate -value "hello_world" -context "sdk\\\\bsp/1439468151828"
# webtalk_add_data -client sdk -key uid -value "1439468155454" -context "sdk\\\\application/1439468155454"
# webtalk_add_data -client sdk -key hwid -value "1439468090596" -context "sdk\\\\application/1439468155454"
# webtalk_add_data -client sdk -key bspid -value "1439468151828" -context "sdk\\\\application/1439468155454"
# webtalk_add_data -client sdk -key newbsp -value "true" -context "sdk\\\\application/1439468155454"
# webtalk_add_data -client sdk -key os -value "standalone" -context "sdk\\\\application/1439468155454"
# webtalk_add_data -client sdk -key apptemplate -value "hello_world" -context "sdk\\\\application/1439468155454"
# webtalk_transmit -clientid 2702058628 -regid "" -xml E:\\Dropbox\\mgr\\Workspaces\\Vivado\\CPUv1\\CPUv1.sdk\\webtalk\\usage_statistics_ext_sdk.xml -html E:\\Dropbox\\mgr\\Workspaces\\Vivado\\CPUv1\\CPUv1.sdk\\webtalk\\usage_statistics_ext_sdk.html -wdm E:\\Dropbox\\mgr\\Workspaces\\Vivado\\CPUv1\\CPUv1.sdk\\webtalk\\sdk_webtalk.wdm -intro "<H3>SDK Usage Report</H3><BR>"
INFO: [Common 17-186] 'E:\Dropbox\mgr\Workspaces\Vivado\CPUv1\CPUv1.sdk\webtalk\usage_statistics_ext_sdk.xml' has been successfully sent to Xilinx on Thu Aug 13 16:28:04 2015. For additional details about this file, please refer to the WebTalk help file at E:/Xilinx/SDK/2015.2/doc/webtalk_introduction.html.
# webtalk_terminate
INFO: [Common 17-206] Exiting Webtalk at Thu Aug 13 16:28:04 2015...
